<?xml version="1.0" encoding="UTF-8"?>
<!-- Generated by org.testng.reporters.JUnitXMLReporter -->
<testsuite hostname="ShesiPC" ignored="0" name="Test3" tests="3" failures="0" timestamp="2020-04-19T18:19:48 BST" time="81.648" errors="0">
  <testcase name="loginQaclickAccess" time="44.288" classname="testWithTestngData.TestHomeWithParameterizing"/>
  <testcase name="loginQaclickAccess" time="18.606" classname="testWithTestngData.TestHomeWithParameterizing"/>
  <testcase name="loginQaclickAccess" time="18.736" classname="testWithTestngData.TestHomeWithParameterizing"/>
</testsuite> <!-- Test3 -->
