<?xml version="1.0" encoding="UTF-8"?>
<!-- Generated by org.testng.reporters.JUnitXMLReporter -->
<testsuite hostname="ShesiPC" name="Test3" tests="3" failures="0" timestamp="19 Apr 2020 17:12:38 GMT" time="86.986" errors="0">
  <testcase name="loginQaclickAccess" time="44.995" classname="testWithTestngData.TestHomeWithParameterizing"/>
  <testcase name="loginQaclickAccess" time="23.69" classname="testWithTestngData.TestHomeWithParameterizing"/>
  <testcase name="loginQaclickAccess" time="18.293" classname="testWithTestngData.TestHomeWithParameterizing"/>
</testsuite> <!-- Test3 -->
