<?xml version="1.0" encoding="UTF-8"?>
<testsuite xmlns:xsi="http://www.w3.org/2001/XMLSchema-instance" xsi:noNamespaceSchemaLocation="https://maven.apache.org/surefire/maven-surefire-plugin/xsd/surefire-test-report-3.0.xsd" version="3.0" name="TestSuite" time="186.718" tests="9" errors="0" skipped="0" failures="1">
  <properties>
[...]
</properties>
  <testcase name="homeQaclickAccess" classname="frameWork_8.EndToEndF_New.TestHomeWithLog4j" time="7.406">
    <failure message="expected [FEATURED COURSE] but found [FEATURED COURSES]" type="java.lang.AssertionError"><![CDATA[java.lang.AssertionError: expected [FEATURED COURSE] but found [FEATURED COURSES]
	at frameWork_8.EndToEndF_New.TestHomeWithLog4j.homeQaclickAccess(TestHomeWithLog4j.java:98)
]]></failure>
    <system-err><![CDATA[Starting ChromeDriver 81.0.4044.69 (6813546031a4bc83f717a2ef7cd4ac6ec1199132-refs/branch-heads/4044@{#776}) on port 15498
Only local connections are allowed.
Please protect ports used by ChromeDriver and related test frameworks to prevent access by malicious code.
Apr 19, 2020 6:09:41 PM org.openqa.selenium.remote.ProtocolHandshake createSession
INFO: Detected dialect: W3C
[1587316182.358][SEVERE]: Timed out receiving message from renderer: 0.100
[1587316182.464][SEVERE]: Timed out receiving message from renderer: 0.100
[1587316182.665][SEVERE]: Timed out receiving message from renderer: 0.100
[1587316182.773][SEVERE]: Timed out receiving message from renderer: 0.100
[1587316182.876][SEVERE]: Timed out receiving message from renderer: 0.100
[1587316182.978][SEVERE]: Timed out receiving message from renderer: 0.100
[1587316183.080][SEVERE]: Timed out receiving message from renderer: 0.100
[1587316183.186][SEVERE]: Timed out receiving message from renderer: 0.100
[1587316183.288][SEVERE]: Timed out receiving message from renderer: 0.100
[1587316183.391][SEVERE]: Timed out receiving message from renderer: 0.100
[1587316183.492][SEVERE]: Timed out receiving message from renderer: 0.100
[1587316183.594][SEVERE]: Timed out receiving message from renderer: 0.100
]]></system-err>
  </testcase>
  <testcase name="homeQaclickAccess2" classname="frameWork_8.EndToEndF_New.TestHomeWithLog4j" time="5.056"/>
  <testcase name="loginQaclickAccess" classname="frameWork_8.EndToEndF_New.TestHomeWithLog4j" time="27.361"/>
  <testcase name="validateSearchBox" classname="frameWork_8.EndToEndF_New.TestHomeWithLog4j" time="0.097"/>
  <testcase name="homeQaclickAccess" classname="frameWork_8.EndToEndF_New.TestHomeQaclick" time="11.263"/>
  <testcase name="loginQaclickAccess" classname="frameWork_8.EndToEndF_New.TestHomeQaclick" time="25.918"/>
  <testcase name="loginQaclickAccess" classname="testWithTestngData.TestHomeWithParameterizing" time="44.996"/>
  <testcase name="loginQaclickAccess" classname="testWithTestngData.TestHomeWithParameterizing" time="23.691"/>
  <testcase name="loginQaclickAccess" classname="testWithTestngData.TestHomeWithParameterizing" time="18.292"/>
</testsuite>